2023-04-02 22:54:45.208121 - Initialized conversion of CBT243
2023-04-02 22:54:45.534278 - Received CBT.V504.FILE243.PDS from FILE243.XMI 
2023-04-02 22:54:45.537104 - Found $$$#DATE.txt (text/plain) in CBT.V504.FILE243.PDS, moved to PDS/$$$#DATE
2023-04-02 22:54:45.538570 - Found #LKED.jcl (text/plain) in CBT.V504.FILE243.PDS, moved to PDS/#LKED
2023-04-02 22:54:45.539704 - Found @FILE242.txt (text/plain) in CBT.V504.FILE243.PDS, moved to PDS/@FILE242
2023-04-02 22:54:45.541006 - Found @FILE243.txt (text/plain) in CBT.V504.FILE243.PDS, moved to PDS/@FILE243
2023-04-02 22:54:45.542228 - Found PLIXCL.txt (text/plain) in CBT.V504.FILE243.PDS, moved to PDS/PLIXCL
2023-04-02 22:54:45.543287 - Found REAPSWD.txt (text/plain) in CBT.V504.FILE243.PDS, moved to PDS/REAPSWD
2023-04-02 22:54:45.544581 - Found REASCNV.txt (text/plain) in CBT.V504.FILE243.PDS, moved to PDS/REASCNV
2023-04-02 22:54:45.545845 - Found REASESD.txt (text/plain) in CBT.V504.FILE243.PDS, moved to PDS/REASESD
2023-04-02 22:54:45.547087 - Found REASLIB.txt (text/plain) in CBT.V504.FILE243.PDS, moved to PDS/REASLIB
2023-04-02 22:54:45.548319 - Found REASLOA.txt (text/plain) in CBT.V504.FILE243.PDS, moved to PDS/REASLOA
2023-04-02 22:54:45.549563 - Found REASLST.txt (text/plain) in CBT.V504.FILE243.PDS, moved to PDS/REASLST
2023-04-02 22:54:45.550824 - Found REASM$.txt (text/plain) in CBT.V504.FILE243.PDS, moved to PDS/REASM$
2023-04-02 22:54:45.551897 - Found REASMBAS.txt (text/plain) in CBT.V504.FILE243.PDS, moved to PDS/REASMBAS
2023-04-02 22:54:45.552945 - Found REASMCM.txt (text/plain) in CBT.V504.FILE243.PDS, moved to PDS/REASMCM
2023-04-02 22:54:45.554247 - Found REASMCMD.txt (text/plain) in CBT.V504.FILE243.PDS, moved to PDS/REASMCMD
2023-04-02 22:54:45.555375 - Found REASMCR.txt (text/plain) in CBT.V504.FILE243.PDS, moved to PDS/REASMCR
2023-04-02 22:54:45.556418 - Found REASMD.txt (text/plain) in CBT.V504.FILE243.PDS, moved to PDS/REASMD
2023-04-02 22:54:45.557516 - Found REASMHRD.txt (text/plain) in CBT.V504.FILE243.PDS, moved to PDS/REASMHRD
2023-04-02 22:54:45.558497 - Found REASMI.txt (text/plain) in CBT.V504.FILE243.PDS, moved to PDS/REASMI
2023-04-02 22:54:45.559686 - Found REASMIDP.txt (text/plain) in CBT.V504.FILE243.PDS, moved to PDS/REASMIDP
2023-04-02 22:54:45.560897 - Found REASMLB.txt (text/plain) in CBT.V504.FILE243.PDS, moved to PDS/REASMLB
2023-04-02 22:54:45.561889 - Found REASMLIV.txt (text/plain) in CBT.V504.FILE243.PDS, moved to PDS/REASMLIV
2023-04-02 22:54:45.563029 - Found REASMM.txt (text/plain) in CBT.V504.FILE243.PDS, moved to PDS/REASMM
2023-04-02 22:54:45.564292 - Found REASMM#O.txt (text/plain) in CBT.V504.FILE243.PDS, moved to PDS/REASMM#O
2023-04-02 22:54:45.565320 - Found REASMMAC.txt (text/plain) in CBT.V504.FILE243.PDS, moved to PDS/REASMMAC
2023-04-02 22:54:45.566449 - Found REASMR.txt (text/plain) in CBT.V504.FILE243.PDS, moved to PDS/REASMR
2023-04-02 22:54:45.567575 - Found REASMRC.txt (text/plain) in CBT.V504.FILE243.PDS, moved to PDS/REASMRC
2023-04-02 22:54:45.568746 - Found REASMS.txt (text/plain) in CBT.V504.FILE243.PDS, moved to PDS/REASMS
2023-04-02 22:54:45.569873 - Found REASMSCR.txt (text/plain) in CBT.V504.FILE243.PDS, moved to PDS/REASMSCR
2023-04-02 22:54:45.570911 - Found REASMSVC.txt (text/plain) in CBT.V504.FILE243.PDS, moved to PDS/REASMSVC
2023-04-02 22:54:45.571971 - Found REASPRF.txt (text/plain) in CBT.V504.FILE243.PDS, moved to PDS/REASPRF
2023-04-02 22:54:45.572901 - Found REASQFY.txt (text/plain) in CBT.V504.FILE243.PDS, moved to PDS/REASQFY
2023-04-02 22:54:45.573776 - Found REASQPW.txt (text/plain) in CBT.V504.FILE243.PDS, moved to PDS/REASQPW
2023-04-02 22:54:45.574689 - Found REASQPW$.txt (text/plain) in CBT.V504.FILE243.PDS, moved to PDS/REASQPW$
2023-04-02 22:54:45.576211 - Found SCREEN.txt (text/plain) in CBT.V504.FILE243.PDS, moved to PDS/SCREEN
2023-04-02 22:54:45.577192 - Found ZZTEST.jcl (text/plain) in CBT.V504.FILE243.PDS, moved to PDS/ZZTEST
2023-04-02 22:54:45.577325 - No @FILExxx or @FILxxxx detected, creating README.md without extra info
